{"C:\\Users\\keerthanakalidass\\React-study\\React-course\\src\\components\\Body.js": {"path":"C:\\Users\\keerthanakalidass\\React-study\\React-course\\src\\components\\Body.js","statementMap":{"0":{"start":{"line":8,"column":13},"end":{"line":61,"column":1}},"1":{"start":{"line":9,"column":28},"end":{"line":9,"column":40}},"2":{"start":{"line":10,"column":44},"end":{"line":10,"column":56}},"3":{"start":{"line":11,"column":40},"end":{"line":11,"column":52}},"4":{"start":{"line":12,"column":25},"end":{"line":12,"column":42}},"5":{"start":{"line":13,"column":30},"end":{"line":13,"column":58}},"6":{"start":{"line":14,"column":42},"end":{"line":14,"column":65}},"7":{"start":{"line":17,"column":25},"end":{"line":17,"column":65}},"8":{"start":{"line":17,"column":42},"end":{"line":17,"column":64}},"9":{"start":{"line":18,"column":8},"end":{"line":18,"column":34}},"10":{"start":{"line":22,"column":21},"end":{"line":22,"column":186}},"11":{"start":{"line":23,"column":21},"end":{"line":23,"column":38}},"12":{"start":{"line":24,"column":8},"end":{"line":24,"column":92}},"13":{"start":{"line":25,"column":8},"end":{"line":25,"column":100}},"14":{"start":{"line":28,"column":4},"end":{"line":30,"column":10}},"15":{"start":{"line":29,"column":8},"end":{"line":29,"column":20}},"16":{"start":{"line":32,"column":4},"end":{"line":32,"column":102}},"17":{"start":{"line":32,"column":32},"end":{"line":32,"column":102}},"18":{"start":{"line":35,"column":4},"end":{"line":60,"column":5}},"19":{"start":{"line":39,"column":150},"end":{"line":39,"column":179}},"20":{"start":{"line":41,"column":41},"end":{"line":41,"column":119}},"21":{"start":{"line":41,"column":58},"end":{"line":41,"column":118}},"22":{"start":{"line":42,"column":24},"end":{"line":42,"column":50}},"23":{"start":{"line":45,"column":85},"end":{"line":45,"column":99}},"24":{"start":{"line":47,"column":163},"end":{"line":47,"column":190}},"25":{"start":{"line":54,"column":20},"end":{"line":56,"column":27}}},"fnMap":{"0":{"name":"(anonymous_0)","decl":{"start":{"line":8,"column":13},"end":{"line":8,"column":14}},"loc":{"start":{"line":8,"column":19},"end":{"line":61,"column":1}},"line":8},"1":{"name":"filterButton","decl":{"start":{"line":16,"column":13},"end":{"line":16,"column":25}},"loc":{"start":{"line":16,"column":28},"end":{"line":19,"column":5}},"line":16},"2":{"name":"(anonymous_2)","decl":{"start":{"line":17,"column":37},"end":{"line":17,"column":38}},"loc":{"start":{"line":17,"column":42},"end":{"line":17,"column":64}},"line":17},"3":{"name":"fetchData","decl":{"start":{"line":21,"column":19},"end":{"line":21,"column":28}},"loc":{"start":{"line":21,"column":31},"end":{"line":26,"column":5}},"line":21},"4":{"name":"(anonymous_4)","decl":{"start":{"line":28,"column":14},"end":{"line":28,"column":15}},"loc":{"start":{"line":28,"column":20},"end":{"line":30,"column":5}},"line":28},"5":{"name":"(anonymous_5)","decl":{"start":{"line":39,"column":143},"end":{"line":39,"column":144}},"loc":{"start":{"line":39,"column":150},"end":{"line":39,"column":179}},"line":39},"6":{"name":"(anonymous_6)","decl":{"start":{"line":40,"column":72},"end":{"line":40,"column":73}},"loc":{"start":{"line":40,"column":78},"end":{"line":43,"column":21}},"line":40},"7":{"name":"(anonymous_7)","decl":{"start":{"line":41,"column":53},"end":{"line":41,"column":54}},"loc":{"start":{"line":41,"column":58},"end":{"line":41,"column":118}},"line":41},"8":{"name":"(anonymous_8)","decl":{"start":{"line":45,"column":79},"end":{"line":45,"column":80}},"loc":{"start":{"line":45,"column":85},"end":{"line":45,"column":99}},"line":45},"9":{"name":"(anonymous_9)","decl":{"start":{"line":47,"column":156},"end":{"line":47,"column":157}},"loc":{"start":{"line":47,"column":163},"end":{"line":47,"column":190}},"line":47},"10":{"name":"(anonymous_10)","decl":{"start":{"line":53,"column":35},"end":{"line":53,"column":36}},"loc":{"start":{"line":53,"column":40},"end":{"line":57,"column":17}},"line":53}},"branchMap":{"0":{"loc":{"start":{"line":32,"column":4},"end":{"line":32,"column":102}},"type":"if","locations":[{"start":{"line":32,"column":4},"end":{"line":32,"column":102}},{"start":{},"end":{}}],"line":32},"1":{"loc":{"start":{"line":35,"column":11},"end":{"line":60,"column":5}},"type":"cond-expr","locations":[{"start":{"line":35,"column":32},"end":{"line":35,"column":43}},{"start":{"line":36,"column":8},"end":{"line":59,"column":14}}],"line":35},"2":{"loc":{"start":{"line":55,"column":25},"end":{"line":55,"column":114}},"type":"cond-expr","locations":[{"start":{"line":55,"column":38},"end":{"line":55,"column":76}},{"start":{"line":55,"column":79},"end":{"line":55,"column":114}}],"line":55}},"s":{"0":1,"1":7,"2":7,"3":7,"4":7,"5":7,"6":7,"7":1,"8":9,"9":1,"10":2,"11":2,"12":2,"13":2,"14":7,"15":2,"16":7,"17":0,"18":7,"19":1,"20":1,"21":9,"22":1,"23":1,"24":0,"25":37},"f":{"0":7,"1":1,"2":9,"3":2,"4":2,"5":1,"6":1,"7":9,"8":1,"9":0,"10":37},"b":{"0":[0,7],"1":[2,5],"2":[33,4]},"_coverageSchema":"1a1c01bbd47fc00a2c39e90264f33305004495a9","hash":"ac4e3480b0dc68989a3e75e691444a226bba6390"}
,"C:\\Users\\keerthanakalidass\\React-study\\React-course\\src\\components\\Cart.js": {"path":"C:\\Users\\keerthanakalidass\\React-study\\React-course\\src\\components\\Cart.js","statementMap":{"0":{"start":{"line":6,"column":22},"end":{"line":6,"column":60}},"1":{"start":{"line":6,"column":43},"end":{"line":6,"column":59}},"2":{"start":{"line":7,"column":21},"end":{"line":7,"column":34}},"3":{"start":{"line":10,"column":8},"end":{"line":10,"column":29}},"4":{"start":{"line":13,"column":4},"end":{"line":22,"column":5}},"5":{"start":{"line":17,"column":76},"end":{"line":17,"column":93}}},"fnMap":{"0":{"name":"Cart","decl":{"start":{"line":5,"column":24},"end":{"line":5,"column":28}},"loc":{"start":{"line":5,"column":31},"end":{"line":23,"column":1}},"line":5},"1":{"name":"(anonymous_1)","decl":{"start":{"line":6,"column":34},"end":{"line":6,"column":35}},"loc":{"start":{"line":6,"column":43},"end":{"line":6,"column":59}},"line":6},"2":{"name":"handleClearCart","decl":{"start":{"line":9,"column":13},"end":{"line":9,"column":28}},"loc":{"start":{"line":9,"column":31},"end":{"line":11,"column":5}},"line":9},"3":{"name":"(anonymous_3)","decl":{"start":{"line":17,"column":70},"end":{"line":17,"column":71}},"loc":{"start":{"line":17,"column":76},"end":{"line":17,"column":93}},"line":17}},"branchMap":{"0":{"loc":{"start":{"line":18,"column":17},"end":{"line":18,"column":106}},"type":"binary-expr","locations":[{"start":{"line":18,"column":17},"end":{"line":18,"column":39}},{"start":{"line":18,"column":43},"end":{"line":18,"column":106}}],"line":18}},"s":{"0":4,"1":8,"2":4,"3":1,"4":4,"5":1},"f":{"0":4,"1":8,"2":1,"3":1},"b":{"0":[4,2]},"_coverageSchema":"1a1c01bbd47fc00a2c39e90264f33305004495a9","hash":"4d7bdd528615d48b7bf1153ef32d023d7fbeed41"}
,"C:\\Users\\keerthanakalidass\\React-study\\React-course\\src\\components\\Contact.js": {"path":"C:\\Users\\keerthanakalidass\\React-study\\React-course\\src\\components\\Contact.js","statementMap":{"0":{"start":{"line":2,"column":4},"end":{"line":11,"column":5}}},"fnMap":{"0":{"name":"Contact","decl":{"start":{"line":1,"column":24},"end":{"line":1,"column":31}},"loc":{"start":{"line":1,"column":34},"end":{"line":12,"column":1}},"line":1}},"branchMap":{},"s":{"0":4},"f":{"0":4},"b":{},"_coverageSchema":"1a1c01bbd47fc00a2c39e90264f33305004495a9","hash":"873003d1c4026aad7ea98b55ef4c2c63e47418f6"}
,"C:\\Users\\keerthanakalidass\\React-study\\React-course\\src\\components\\Header.js": {"path":"C:\\Users\\keerthanakalidass\\React-study\\React-course\\src\\components\\Header.js","statementMap":{"0":{"start":{"line":8,"column":15},"end":{"line":34,"column":1}},"1":{"start":{"line":9,"column":34},"end":{"line":9,"column":51}},"2":{"start":{"line":10,"column":25},"end":{"line":10,"column":42}},"3":{"start":{"line":11,"column":29},"end":{"line":11,"column":52}},"4":{"start":{"line":13,"column":21},"end":{"line":13,"column":59}},"5":{"start":{"line":13,"column":42},"end":{"line":13,"column":58}},"6":{"start":{"line":15,"column":4},"end":{"line":33,"column":5}},"7":{"start":{"line":28,"column":61},"end":{"line":28,"column":123}}},"fnMap":{"0":{"name":"(anonymous_0)","decl":{"start":{"line":8,"column":15},"end":{"line":8,"column":16}},"loc":{"start":{"line":8,"column":21},"end":{"line":34,"column":1}},"line":8},"1":{"name":"(anonymous_1)","decl":{"start":{"line":13,"column":33},"end":{"line":13,"column":34}},"loc":{"start":{"line":13,"column":42},"end":{"line":13,"column":58}},"line":13},"2":{"name":"(anonymous_2)","decl":{"start":{"line":28,"column":55},"end":{"line":28,"column":56}},"loc":{"start":{"line":28,"column":61},"end":{"line":28,"column":123}},"line":28}},"branchMap":{"0":{"loc":{"start":{"line":22,"column":40},"end":{"line":22,"column":64}},"type":"cond-expr","locations":[{"start":{"line":22,"column":54},"end":{"line":22,"column":58}},{"start":{"line":22,"column":60},"end":{"line":22,"column":64}}],"line":22},"1":{"loc":{"start":{"line":28,"column":61},"end":{"line":28,"column":123}},"type":"cond-expr","locations":[{"start":{"line":28,"column":82},"end":{"line":28,"column":102}},{"start":{"line":28,"column":104},"end":{"line":28,"column":123}}],"line":28}},"s":{"0":2,"1":9,"2":9,"3":9,"4":9,"5":17,"6":9,"7":1},"f":{"0":9,"1":17,"2":1},"b":{"0":[9,0],"1":[1,0]},"_coverageSchema":"1a1c01bbd47fc00a2c39e90264f33305004495a9","hash":"ec9e3676d71c318eb58d34c30db1af7a478e80a3"}
,"C:\\Users\\keerthanakalidass\\React-study\\React-course\\src\\components\\ItemList.js": {"path":"C:\\Users\\keerthanakalidass\\React-study\\React-course\\src\\components\\ItemList.js","statementMap":{"0":{"start":{"line":7,"column":19},"end":{"line":7,"column":32}},"1":{"start":{"line":10,"column":4},"end":{"line":10,"column":27}},"2":{"start":{"line":13,"column":2},"end":{"line":33,"column":3}},"3":{"start":{"line":16,"column":8},"end":{"line":30,"column":14}},"4":{"start":{"line":26,"column":109},"end":{"line":26,"column":118}}},"fnMap":{"0":{"name":"ItemList","decl":{"start":{"line":5,"column":24},"end":{"line":5,"column":32}},"loc":{"start":{"line":5,"column":44},"end":{"line":34,"column":1}},"line":5},"1":{"name":"add","decl":{"start":{"line":9,"column":11},"end":{"line":9,"column":14}},"loc":{"start":{"line":9,"column":21},"end":{"line":11,"column":3}},"line":9},"2":{"name":"(anonymous_2)","decl":{"start":{"line":15,"column":17},"end":{"line":15,"column":18}},"loc":{"start":{"line":15,"column":25},"end":{"line":31,"column":7}},"line":15},"3":{"name":"(anonymous_3)","decl":{"start":{"line":26,"column":103},"end":{"line":26,"column":104}},"loc":{"start":{"line":26,"column":109},"end":{"line":26,"column":118}},"line":26}},"branchMap":{},"s":{"0":6,"1":2,"2":6,"3":77,"4":2},"f":{"0":6,"1":2,"2":77,"3":2},"b":{},"_coverageSchema":"1a1c01bbd47fc00a2c39e90264f33305004495a9","hash":"274cc895ffb1a5c3e676870498105d2b2dc95724"}
,"C:\\Users\\keerthanakalidass\\React-study\\React-course\\src\\components\\RestaurantCard.js": {"path":"C:\\Users\\keerthanakalidass\\React-study\\React-course\\src\\components\\RestaurantCard.js","statementMap":{"0":{"start":{"line":5,"column":23},"end":{"line":22,"column":1}},"1":{"start":{"line":6,"column":78},"end":{"line":6,"column":85}},"2":{"start":{"line":7,"column":29},"end":{"line":7,"column":52}},"3":{"start":{"line":9,"column":4},"end":{"line":21,"column":5}},"4":{"start":{"line":28,"column":4},"end":{"line":35,"column":5}},"5":{"start":{"line":29,"column":8},"end":{"line":34,"column":9}}},"fnMap":{"0":{"name":"(anonymous_0)","decl":{"start":{"line":5,"column":23},"end":{"line":5,"column":24}},"loc":{"start":{"line":5,"column":40},"end":{"line":22,"column":1}},"line":5},"1":{"name":"withVegLabel","decl":{"start":{"line":27,"column":16},"end":{"line":27,"column":28}},"loc":{"start":{"line":27,"column":45},"end":{"line":36,"column":1}},"line":27},"2":{"name":"(anonymous_2)","decl":{"start":{"line":28,"column":10},"end":{"line":28,"column":11}},"loc":{"start":{"line":28,"column":21},"end":{"line":35,"column":5}},"line":28}},"branchMap":{},"s":{"0":2,"1":39,"2":39,"3":39,"4":8,"5":34},"f":{"0":39,"1":8,"2":34},"b":{},"_coverageSchema":"1a1c01bbd47fc00a2c39e90264f33305004495a9","hash":"b574f70be1237684f4c1fd8e7a2bd52943e9e775"}
,"C:\\Users\\keerthanakalidass\\React-study\\React-course\\src\\components\\RestaurantCategory.js": {"path":"C:\\Users\\keerthanakalidass\\React-study\\React-course\\src\\components\\RestaurantCategory.js","statementMap":{"0":{"start":{"line":4,"column":4},"end":{"line":12,"column":5}},"1":{"start":{"line":6,"column":80},"end":{"line":6,"column":94}}},"fnMap":{"0":{"name":"RestaurantCategory","decl":{"start":{"line":3,"column":24},"end":{"line":3,"column":42}},"loc":{"start":{"line":3,"column":78},"end":{"line":13,"column":1}},"line":3},"1":{"name":"(anonymous_1)","decl":{"start":{"line":6,"column":74},"end":{"line":6,"column":75}},"loc":{"start":{"line":6,"column":80},"end":{"line":6,"column":94}},"line":6}},"branchMap":{"0":{"loc":{"start":{"line":10,"column":13},"end":{"line":10,"column":61}},"type":"binary-expr","locations":[{"start":{"line":10,"column":13},"end":{"line":10,"column":22}},{"start":{"line":10,"column":26},"end":{"line":10,"column":61}}],"line":10}},"s":{"0":22,"1":1},"f":{"0":22,"1":1},"b":{"0":[22,2]},"_coverageSchema":"1a1c01bbd47fc00a2c39e90264f33305004495a9","hash":"9e56e545f7a6233df74b4875a2e4329a8f3f5c1c"}
,"C:\\Users\\keerthanakalidass\\React-study\\React-course\\src\\components\\RestaurantMenu.js": {"path":"C:\\Users\\keerthanakalidass\\React-study\\React-course\\src\\components\\RestaurantMenu.js","statementMap":{"0":{"start":{"line":8,"column":22},"end":{"line":8,"column":33}},"1":{"start":{"line":9,"column":20},"end":{"line":9,"column":44}},"2":{"start":{"line":10,"column":38},"end":{"line":10,"column":49}},"3":{"start":{"line":12,"column":4},"end":{"line":14,"column":5}},"4":{"start":{"line":13,"column":8},"end":{"line":13,"column":27}},"5":{"start":{"line":16,"column":50},"end":{"line":16,"column":85}},"6":{"start":{"line":27,"column":23},"end":{"line":27,"column":184}},"7":{"start":{"line":27,"column":92},"end":{"line":27,"column":183}},"8":{"start":{"line":30,"column":4},"end":{"line":38,"column":5}},"9":{"start":{"line":35,"column":16},"end":{"line":35,"column":204}},"10":{"start":{"line":35,"column":106},"end":{"line":35,"column":168}}},"fnMap":{"0":{"name":"RestaurantMenu","decl":{"start":{"line":7,"column":24},"end":{"line":7,"column":38}},"loc":{"start":{"line":7,"column":41},"end":{"line":39,"column":1}},"line":7},"1":{"name":"(anonymous_1)","decl":{"start":{"line":27,"column":87},"end":{"line":27,"column":88}},"loc":{"start":{"line":27,"column":92},"end":{"line":27,"column":183}},"line":27},"2":{"name":"(anonymous_2)","decl":{"start":{"line":34,"column":28},"end":{"line":34,"column":29}},"loc":{"start":{"line":34,"column":41},"end":{"line":36,"column":13}},"line":34},"3":{"name":"(anonymous_3)","decl":{"start":{"line":35,"column":100},"end":{"line":35,"column":101}},"loc":{"start":{"line":35,"column":106},"end":{"line":35,"column":168}},"line":35}},"branchMap":{"0":{"loc":{"start":{"line":12,"column":4},"end":{"line":14,"column":5}},"type":"if","locations":[{"start":{"line":12,"column":4},"end":{"line":14,"column":5}},{"start":{},"end":{}}],"line":12},"1":{"loc":{"start":{"line":35,"column":106},"end":{"line":35,"column":168}},"type":"cond-expr","locations":[{"start":{"line":35,"column":128},"end":{"line":35,"column":146}},{"start":{"line":35,"column":149},"end":{"line":35,"column":168}}],"line":35}},"s":{"0":3,"1":3,"2":3,"3":3,"4":1,"5":2,"6":2,"7":28,"8":2,"9":22,"10":1},"f":{"0":3,"1":28,"2":22,"3":1},"b":{"0":[1,2],"1":[0,1]},"_coverageSchema":"1a1c01bbd47fc00a2c39e90264f33305004495a9","hash":"fd79dbd8532920a33af41e25b44ad16f5924d4cf"}
,"C:\\Users\\keerthanakalidass\\React-study\\React-course\\src\\components\\Shimmer.js": {"path":"C:\\Users\\keerthanakalidass\\React-study\\React-course\\src\\components\\Shimmer.js","statementMap":{"0":{"start":{"line":4,"column":4},"end":{"line":87,"column":5}}},"fnMap":{"0":{"name":"Shimmer","decl":{"start":{"line":3,"column":24},"end":{"line":3,"column":31}},"loc":{"start":{"line":3,"column":34},"end":{"line":88,"column":1}},"line":3}},"branchMap":{},"s":{"0":3},"f":{"0":3},"b":{},"_coverageSchema":"1a1c01bbd47fc00a2c39e90264f33305004495a9","hash":"3b7c22cca2a4c0cd523cdbcbb8ee8f2befbceff9"}
,"C:\\Users\\keerthanakalidass\\React-study\\React-course\\src\\components\\sum.js": {"path":"C:\\Users\\keerthanakalidass\\React-study\\React-course\\src\\components\\sum.js","statementMap":{"0":{"start":{"line":1,"column":19},"end":{"line":3,"column":1}},"1":{"start":{"line":2,"column":4},"end":{"line":2,"column":17}}},"fnMap":{"0":{"name":"(anonymous_0)","decl":{"start":{"line":1,"column":19},"end":{"line":1,"column":20}},"loc":{"start":{"line":1,"column":29},"end":{"line":3,"column":1}},"line":1}},"branchMap":{},"s":{"0":1,"1":1},"f":{"0":1},"b":{},"_coverageSchema":"1a1c01bbd47fc00a2c39e90264f33305004495a9","hash":"a4d341512cfc4335081af77ab8f691df461029ba"}
,"C:\\Users\\keerthanakalidass\\React-study\\React-course\\src\\utils\\UserContext.js": {"path":"C:\\Users\\keerthanakalidass\\React-study\\React-course\\src\\utils\\UserContext.js","statementMap":{"0":{"start":{"line":3,"column":20},"end":{"line":5,"column":2}}},"fnMap":{},"branchMap":{},"s":{"0":4},"f":{},"b":{},"_coverageSchema":"1a1c01bbd47fc00a2c39e90264f33305004495a9","hash":"b3e857aff0f3e08d74606be3a55813a58e43a19b"}
,"C:\\Users\\keerthanakalidass\\React-study\\React-course\\src\\utils\\appStore.js": {"path":"C:\\Users\\keerthanakalidass\\React-study\\React-course\\src\\utils\\appStore.js","statementMap":{"0":{"start":{"line":4,"column":17},"end":{"line":8,"column":2}}},"fnMap":{},"branchMap":{},"s":{"0":2},"f":{},"b":{},"_coverageSchema":"1a1c01bbd47fc00a2c39e90264f33305004495a9","hash":"84506b8781ca7d0990347899a926c36ed4744db5"}
,"C:\\Users\\keerthanakalidass\\React-study\\React-course\\src\\utils\\cartSlice.js": {"path":"C:\\Users\\keerthanakalidass\\React-study\\React-course\\src\\utils\\cartSlice.js","statementMap":{"0":{"start":{"line":3,"column":18},"end":{"line":21,"column":2}},"1":{"start":{"line":10,"column":12},"end":{"line":10,"column":45}},"2":{"start":{"line":13,"column":12},"end":{"line":13,"column":30}},"3":{"start":{"line":18,"column":12},"end":{"line":18,"column":31}},"4":{"start":{"line":23,"column":50},"end":{"line":23,"column":67}}},"fnMap":{"0":{"name":"(anonymous_0)","decl":{"start":{"line":9,"column":17},"end":{"line":9,"column":18}},"loc":{"start":{"line":9,"column":36},"end":{"line":11,"column":9}},"line":9},"1":{"name":"(anonymous_1)","decl":{"start":{"line":12,"column":20},"end":{"line":12,"column":21}},"loc":{"start":{"line":12,"column":31},"end":{"line":14,"column":9}},"line":12},"2":{"name":"(anonymous_2)","decl":{"start":{"line":15,"column":19},"end":{"line":15,"column":20}},"loc":{"start":{"line":15,"column":30},"end":{"line":19,"column":9}},"line":15}},"branchMap":{},"s":{"0":2,"1":2,"2":0,"3":1,"4":2},"f":{"0":2,"1":0,"2":1},"b":{},"_coverageSchema":"1a1c01bbd47fc00a2c39e90264f33305004495a9","hash":"34e3687f86f3c2a39f91fc5a8b180b0107d01c8e"}
,"C:\\Users\\keerthanakalidass\\React-study\\React-course\\src\\utils\\constants.js": {"path":"C:\\Users\\keerthanakalidass\\React-study\\React-course\\src\\utils\\constants.js","statementMap":{"0":{"start":{"line":1,"column":23},"end":{"line":1,"column":114}},"1":{"start":{"line":3,"column":24},"end":{"line":3,"column":109}},"2":{"start":{"line":5,"column":24},"end":{"line":5,"column":161}}},"fnMap":{},"branchMap":{},"s":{"0":4,"1":4,"2":4},"f":{},"b":{},"_coverageSchema":"1a1c01bbd47fc00a2c39e90264f33305004495a9","hash":"8055c3dfd6010d45b1f64eae353505515c38b9a8"}
,"C:\\Users\\keerthanakalidass\\React-study\\React-course\\src\\utils\\useOnlineStatus.js": {"path":"C:\\Users\\keerthanakalidass\\React-study\\React-course\\src\\utils\\useOnlineStatus.js","statementMap":{"0":{"start":{"line":4,"column":44},"end":{"line":4,"column":58}},"1":{"start":{"line":6,"column":4},"end":{"line":13,"column":9}},"2":{"start":{"line":7,"column":8},"end":{"line":9,"column":10}},"3":{"start":{"line":8,"column":12},"end":{"line":8,"column":35}},"4":{"start":{"line":10,"column":8},"end":{"line":12,"column":10}},"5":{"start":{"line":11,"column":12},"end":{"line":11,"column":34}},"6":{"start":{"line":15,"column":4},"end":{"line":15,"column":24}}},"fnMap":{"0":{"name":"useOnlineStatus","decl":{"start":{"line":3,"column":24},"end":{"line":3,"column":39}},"loc":{"start":{"line":3,"column":42},"end":{"line":16,"column":1}},"line":3},"1":{"name":"(anonymous_1)","decl":{"start":{"line":6,"column":14},"end":{"line":6,"column":15}},"loc":{"start":{"line":6,"column":19},"end":{"line":13,"column":5}},"line":6},"2":{"name":"(anonymous_2)","decl":{"start":{"line":7,"column":43},"end":{"line":7,"column":44}},"loc":{"start":{"line":7,"column":49},"end":{"line":9,"column":9}},"line":7},"3":{"name":"(anonymous_3)","decl":{"start":{"line":10,"column":42},"end":{"line":10,"column":43}},"loc":{"start":{"line":10,"column":48},"end":{"line":12,"column":9}},"line":10}},"branchMap":{},"s":{"0":16,"1":16,"2":7,"3":0,"4":7,"5":0,"6":16},"f":{"0":16,"1":7,"2":0,"3":0},"b":{},"_coverageSchema":"1a1c01bbd47fc00a2c39e90264f33305004495a9","hash":"d9ab9a7119209b59b13695f19fef9d6d9801daea"}
,"C:\\Users\\keerthanakalidass\\React-study\\React-course\\src\\utils\\useRestaurantMenu.js": {"path":"C:\\Users\\keerthanakalidass\\React-study\\React-course\\src\\utils\\useRestaurantMenu.js","statementMap":{"0":{"start":{"line":5,"column":34},"end":{"line":5,"column":48}},"1":{"start":{"line":8,"column":21},"end":{"line":8,"column":50}},"2":{"start":{"line":9,"column":21},"end":{"line":9,"column":38}},"3":{"start":{"line":10,"column":8},"end":{"line":10,"column":30}},"4":{"start":{"line":13,"column":4},"end":{"line":15,"column":10}},"5":{"start":{"line":14,"column":8},"end":{"line":14,"column":19}},"6":{"start":{"line":17,"column":4},"end":{"line":17,"column":19}}},"fnMap":{"0":{"name":"useRestaurantMenu","decl":{"start":{"line":4,"column":24},"end":{"line":4,"column":41}},"loc":{"start":{"line":4,"column":49},"end":{"line":18,"column":1}},"line":4},"1":{"name":"fetchData","decl":{"start":{"line":7,"column":19},"end":{"line":7,"column":28}},"loc":{"start":{"line":7,"column":31},"end":{"line":11,"column":5}},"line":7},"2":{"name":"(anonymous_2)","decl":{"start":{"line":13,"column":14},"end":{"line":13,"column":15}},"loc":{"start":{"line":13,"column":20},"end":{"line":15,"column":5}},"line":13}},"branchMap":{},"s":{"0":3,"1":1,"2":1,"3":1,"4":3,"5":1,"6":3},"f":{"0":3,"1":1,"2":1},"b":{},"_coverageSchema":"1a1c01bbd47fc00a2c39e90264f33305004495a9","hash":"0338e99df541f03027a44a77a11f52a8f4542f21"}
}
