TN:
SF:src\components\Body.js
FN:8,(anonymous_0)
FN:16,filterButton
FN:17,(anonymous_2)
FN:21,fetchData
FN:28,(anonymous_4)
FN:39,(anonymous_5)
FN:40,(anonymous_6)
FN:41,(anonymous_7)
FN:45,(anonymous_8)
FN:47,(anonymous_9)
FN:53,(anonymous_10)
FNF:11
FNH:10
FNDA:7,(anonymous_0)
FNDA:1,filterButton
FNDA:9,(anonymous_2)
FNDA:2,fetchData
FNDA:2,(anonymous_4)
FNDA:1,(anonymous_5)
FNDA:1,(anonymous_6)
FNDA:9,(anonymous_7)
FNDA:1,(anonymous_8)
FNDA:0,(anonymous_9)
FNDA:37,(anonymous_10)
DA:8,1
DA:9,7
DA:10,7
DA:11,7
DA:12,7
DA:13,7
DA:14,7
DA:17,9
DA:18,1
DA:22,2
DA:23,2
DA:24,2
DA:25,2
DA:28,7
DA:29,2
DA:32,7
DA:35,7
DA:39,1
DA:41,9
DA:42,1
DA:45,1
DA:47,0
DA:54,37
LF:23
LH:22
BRDA:32,0,0,0
BRDA:32,0,1,7
BRDA:35,1,0,2
BRDA:35,1,1,5
BRDA:55,2,0,33
BRDA:55,2,1,4
BRF:6
BRH:5
end_of_record
TN:
SF:src\components\Cart.js
FN:5,Cart
FN:6,(anonymous_1)
FN:9,handleClearCart
FN:17,(anonymous_3)
FNF:4
FNH:4
FNDA:4,Cart
FNDA:8,(anonymous_1)
FNDA:1,handleClearCart
FNDA:1,(anonymous_3)
DA:6,8
DA:7,4
DA:10,1
DA:13,4
DA:17,1
LF:5
LH:5
BRDA:18,0,0,4
BRDA:18,0,1,2
BRF:2
BRH:2
end_of_record
TN:
SF:src\components\Contact.js
FN:1,Contact
FNF:1
FNH:1
FNDA:4,Contact
DA:2,4
LF:1
LH:1
BRF:0
BRH:0
end_of_record
TN:
SF:src\components\Header.js
FN:8,(anonymous_0)
FN:13,(anonymous_1)
FN:28,(anonymous_2)
FNF:3
FNH:3
FNDA:9,(anonymous_0)
FNDA:17,(anonymous_1)
FNDA:1,(anonymous_2)
DA:8,2
DA:9,9
DA:10,9
DA:11,9
DA:13,17
DA:15,9
DA:28,1
LF:7
LH:7
BRDA:22,0,0,9
BRDA:22,0,1,0
BRDA:28,1,0,1
BRDA:28,1,1,0
BRF:4
BRH:2
end_of_record
TN:
SF:src\components\ItemList.js
FN:5,ItemList
FN:9,add
FN:15,(anonymous_2)
FN:26,(anonymous_3)
FNF:4
FNH:4
FNDA:6,ItemList
FNDA:2,add
FNDA:77,(anonymous_2)
FNDA:2,(anonymous_3)
DA:7,6
DA:10,2
DA:13,6
DA:16,77
DA:26,2
LF:5
LH:5
BRF:0
BRH:0
end_of_record
TN:
SF:src\components\RestaurantCard.js
FN:5,(anonymous_0)
FN:27,withVegLabel
FN:28,(anonymous_2)
FNF:3
FNH:3
FNDA:39,(anonymous_0)
FNDA:8,withVegLabel
FNDA:34,(anonymous_2)
DA:5,2
DA:6,39
DA:7,39
DA:9,39
DA:28,8
DA:29,34
LF:6
LH:6
BRF:0
BRH:0
end_of_record
TN:
SF:src\components\RestaurantCategory.js
FN:3,RestaurantCategory
FN:6,(anonymous_1)
FNF:2
FNH:2
FNDA:22,RestaurantCategory
FNDA:1,(anonymous_1)
DA:4,22
DA:6,1
LF:2
LH:2
BRDA:10,0,0,22
BRDA:10,0,1,2
BRF:2
BRH:2
end_of_record
TN:
SF:src\components\RestaurantMenu.js
FN:7,RestaurantMenu
FN:27,(anonymous_1)
FN:34,(anonymous_2)
FN:35,(anonymous_3)
FNF:4
FNH:4
FNDA:3,RestaurantMenu
FNDA:28,(anonymous_1)
FNDA:22,(anonymous_2)
FNDA:1,(anonymous_3)
DA:8,3
DA:9,3
DA:10,3
DA:12,3
DA:13,1
DA:16,2
DA:27,28
DA:30,2
DA:35,22
LF:9
LH:9
BRDA:12,0,0,1
BRDA:12,0,1,2
BRDA:35,1,0,0
BRDA:35,1,1,1
BRF:4
BRH:3
end_of_record
TN:
SF:src\components\Shimmer.js
FN:3,Shimmer
FNF:1
FNH:1
FNDA:3,Shimmer
DA:4,3
LF:1
LH:1
BRF:0
BRH:0
end_of_record
TN:
SF:src\components\sum.js
FN:1,(anonymous_0)
FNF:1
FNH:1
FNDA:1,(anonymous_0)
DA:1,1
DA:2,1
LF:2
LH:2
BRF:0
BRH:0
end_of_record
TN:
SF:src\utils\UserContext.js
FNF:0
FNH:0
DA:3,4
LF:1
LH:1
BRF:0
BRH:0
end_of_record
TN:
SF:src\utils\appStore.js
FNF:0
FNH:0
DA:4,2
LF:1
LH:1
BRF:0
BRH:0
end_of_record
TN:
SF:src\utils\cartSlice.js
FN:9,(anonymous_0)
FN:12,(anonymous_1)
FN:15,(anonymous_2)
FNF:3
FNH:2
FNDA:2,(anonymous_0)
FNDA:0,(anonymous_1)
FNDA:1,(anonymous_2)
DA:3,2
DA:10,2
DA:13,0
DA:18,1
DA:23,2
LF:5
LH:4
BRF:0
BRH:0
end_of_record
TN:
SF:src\utils\constants.js
FNF:0
FNH:0
DA:1,4
DA:3,4
DA:5,4
LF:3
LH:3
BRF:0
BRH:0
end_of_record
TN:
SF:src\utils\useOnlineStatus.js
FN:3,useOnlineStatus
FN:6,(anonymous_1)
FN:7,(anonymous_2)
FN:10,(anonymous_3)
FNF:4
FNH:2
FNDA:16,useOnlineStatus
FNDA:7,(anonymous_1)
FNDA:0,(anonymous_2)
FNDA:0,(anonymous_3)
DA:4,16
DA:6,16
DA:7,7
DA:8,0
DA:10,7
DA:11,0
DA:15,16
LF:7
LH:5
BRF:0
BRH:0
end_of_record
TN:
SF:src\utils\useRestaurantMenu.js
FN:4,useRestaurantMenu
FN:7,fetchData
FN:13,(anonymous_2)
FNF:3
FNH:3
FNDA:3,useRestaurantMenu
FNDA:1,fetchData
FNDA:1,(anonymous_2)
DA:5,3
DA:8,1
DA:9,1
DA:10,1
DA:13,3
DA:14,1
DA:17,3
LF:7
LH:7
BRF:0
BRH:0
end_of_record
